From https://github.com/devgoswami2001/ch
 * branch            main       -> FETCH_HEAD
Already up to date.
[main 3745672] Auto Backup 2026-07-12 12:00:01
 Committer: Ubuntu <ubuntu@ip-172-31-37-208.ap-south-1.compute.internal>
Your name and email address were configured automatically based
on your username and hostname. Please check that they are accurate.
You can suppress this message by setting them explicitly:

    git config --global user.name "Your Name"
    git config --global user.email you@example.com

After doing this, you may fix the identity used for this commit with:

    git commit --amend --reset-author

 1 file changed, 3 insertions(+)
 create mode 100644 git_auto.log
To https://github.com/devgoswami2001/ch.git
   213e588..3745672  main -> main
From https://github.com/devgoswami2001/ch
 * branch            main       -> FETCH_HEAD
Already up to date.
[main dfa839f] Auto Backup 2026-07-13 00:00:03
 Committer: Ubuntu <ubuntu@ip-172-31-37-208.ap-south-1.compute.internal>
Your name and email address were configured automatically based
on your username and hostname. Please check that they are accurate.
You can suppress this message by setting them explicitly:

    git config --global user.name "Your Name"
    git config --global user.email you@example.com

After doing this, you may fix the identity used for this commit with:

    git commit --amend --reset-author

 1 file changed, 20 insertions(+)
To https://github.com/devgoswami2001/ch.git
   3745672..dfa839f  main -> main
From https://github.com/devgoswami2001/ch
 * branch            main       -> FETCH_HEAD
Already up to date.
[main 3668869] Auto Backup 2026-07-13 12:00:03
 Committer: Ubuntu <ubuntu@ip-172-31-37-208.ap-south-1.compute.internal>
Your name and email address were configured automatically based
on your username and hostname. Please check that they are accurate.
You can suppress this message by setting them explicitly:

    git config --global user.name "Your Name"
    git config --global user.email you@example.com

After doing this, you may fix the identity used for this commit with:

    git commit --amend --reset-author

 1 file changed, 19 insertions(+)
To https://github.com/devgoswami2001/ch.git
   dfa839f..3668869  main -> main
From https://github.com/devgoswami2001/ch
 * branch            main       -> FETCH_HEAD
Already up to date.
[main 589141c] Auto Backup 2026-07-14 00:00:03
 Committer: Ubuntu <ubuntu@ip-172-31-37-208.ap-south-1.compute.internal>
Your name and email address were configured automatically based
on your username and hostname. Please check that they are accurate.
You can suppress this message by setting them explicitly:

    git config --global user.name "Your Name"
    git config --global user.email you@example.com

After doing this, you may fix the identity used for this commit with:

    git commit --amend --reset-author

 1 file changed, 19 insertions(+)
To https://github.com/devgoswami2001/ch.git
   3668869..589141c  main -> main
From https://github.com/devgoswami2001/ch
 * branch            main       -> FETCH_HEAD
Already up to date.
